<?xml version="1.0" encoding="UTF-8"?>
<testsuite xmlns:xsi="http://www.w3.org/2001/XMLSchema-instance" xsi:noNamespaceSchemaLocation="https://maven.apache.org/surefire/maven-surefire-plugin/xsd/surefire-test-report.xsd" version="3.0.2" name="com.luhtom.task_manager_final.controller.TaskControllerTest" time="2.644" tests="5" errors="4" skipped="0" failures="0">
  <properties>
[...]
</properties>
  <testcase name="testShowEditForm_taskFound" classname="com.luhtom.task_manager_final.controller.TaskControllerTest" time="2.456">
    <error message="User not found for testuser" type="org.springframework.security.core.userdetails.UsernameNotFoundException"><![CDATA[org.springframework.security.core.userdetails.UsernameNotFoundException: User not found for testuser
	at com.luhtom.task_manager_final.controller.TaskController.getUser(TaskController.java:176)
	at com.luhtom.task_manager_final.controller.TaskController.showEditForm(TaskController.java:118)
	at com.luhtom.task_manager_final.controller.TaskControllerTest.testShowEditForm_taskFound(TaskControllerTest.java:97)
	at java.base/java.lang.reflect.Method.invoke(Method.java:580)
	at java.base/java.util.ArrayList.forEach(ArrayList.java:1596)
	at java.base/java.util.ArrayList.forEach(ArrayList.java:1596)
]]></error>
    <system-out><![CDATA[14:44:37.037 [main] INFO com.luhtom.task_manager_final.controller.TaskController -- TASK_CONTROLLER::Retrieving user for username: testuser
14:44:37.042 [main] ERROR com.luhtom.task_manager_final.controller.TaskController -- User not found: testuser
]]></system-out>
    <system-err><![CDATA[Mockito is currently self-attaching to enable the inline-mock-maker. This will no longer work in future releases of the JDK. Please add Mockito as an agent to your build as described in Mockito's documentation: https://javadoc.io/doc/org.mockito/mockito-core/latest/org/mockito/Mockito.html#0.3
WARNING: A Java agent has been loaded dynamically (C:\Users\luhto\.m2\repository\net\bytebuddy\byte-buddy-agent\1.15.11\byte-buddy-agent-1.15.11.jar)
WARNING: If a serviceability tool is in use, please run with -XX:+EnableDynamicAgentLoading to hide this warning
WARNING: If a serviceability tool is not in use, please run with -Djdk.instrument.traceUsage for more information
WARNING: Dynamic loading of agents will be disallowed by default in a future release
]]></system-err>
  </testcase>
  <testcase name="testShowEditForm_taskNotFound" classname="com.luhtom.task_manager_final.controller.TaskControllerTest" time="0.042">
    <system-out><![CDATA[14:44:37.112 [main] ERROR com.luhtom.task_manager_final.controller.TaskController -- GET::EDIT: Unable to find task id: 1
]]></system-out>
  </testcase>
  <testcase name="testDeleteTask" classname="com.luhtom.task_manager_final.controller.TaskControllerTest" time="0.04">
    <error message="404 NOT_FOUND &quot;Task not found&quot;" type="org.springframework.web.server.ResponseStatusException"><![CDATA[org.springframework.web.server.ResponseStatusException: 404 NOT_FOUND "Task not found"
	at com.luhtom.task_manager_final.controller.TaskController.deleteTask(TaskController.java:64)
	at com.luhtom.task_manager_final.controller.TaskControllerTest.testDeleteTask(TaskControllerTest.java:76)
	at java.base/java.lang.reflect.Method.invoke(Method.java:580)
	at java.base/java.util.ArrayList.forEach(ArrayList.java:1596)
	at java.base/java.util.ArrayList.forEach(ArrayList.java:1596)
]]></error>
    <system-out><![CDATA[14:44:37.151 [main] INFO com.luhtom.task_manager_final.controller.TaskController -- POST::DELETE: Task id: 1
14:44:37.152 [main] ERROR com.luhtom.task_manager_final.controller.TaskController -- POST::DELETE: Task not found with id: 1
]]></system-out>
  </testcase>
  <testcase name="testShowCreateForm" classname="com.luhtom.task_manager_final.controller.TaskControllerTest" time="0.011">
    <error message="User not found for testuser" type="org.springframework.security.core.userdetails.UsernameNotFoundException"><![CDATA[org.springframework.security.core.userdetails.UsernameNotFoundException: User not found for testuser
	at com.luhtom.task_manager_final.controller.TaskController.getUser(TaskController.java:176)
	at com.luhtom.task_manager_final.controller.TaskController.showCreateForm(TaskController.java:101)
	at com.luhtom.task_manager_final.controller.TaskControllerTest.testShowCreateForm(TaskControllerTest.java:84)
	at java.base/java.lang.reflect.Method.invoke(Method.java:580)
	at java.base/java.util.ArrayList.forEach(ArrayList.java:1596)
	at java.base/java.util.ArrayList.forEach(ArrayList.java:1596)
]]></error>
    <system-out><![CDATA[14:44:37.202 [main] INFO com.luhtom.task_manager_final.controller.TaskController -- GET::CREATE: Rendering create task form
14:44:37.203 [main] INFO com.luhtom.task_manager_final.controller.TaskController -- TASK_CONTROLLER::Retrieving user for username: testuser
14:44:37.203 [main] ERROR com.luhtom.task_manager_final.controller.TaskController -- User not found: testuser
]]></system-out>
  </testcase>
  <testcase name="testCreateTask_withBindingErrors" classname="com.luhtom.task_manager_final.controller.TaskControllerTest" time="0.027">
    <error message="Cannot invoke &quot;org.springframework.ui.Model.addAttribute(String, Object)&quot; because &quot;model&quot; is null" type="java.lang.NullPointerException"><![CDATA[java.lang.NullPointerException: Cannot invoke "org.springframework.ui.Model.addAttribute(String, Object)" because "model" is null
	at com.luhtom.task_manager_final.controller.TaskController.createTask(TaskController.java:45)
	at com.luhtom.task_manager_final.controller.TaskControllerTest.testCreateTask_withBindingErrors(TaskControllerTest.java:66)
	at java.base/java.lang.reflect.Method.invoke(Method.java:580)
	at java.base/java.util.ArrayList.forEach(ArrayList.java:1596)
	at java.base/java.util.ArrayList.forEach(ArrayList.java:1596)
]]></error>
    <system-out><![CDATA[14:44:37.232 [main] INFO com.luhtom.task_manager_final.controller.TaskController -- POST::CREATE::creating new task with id: null
14:44:37.232 [main] ERROR com.luhtom.task_manager_final.controller.TaskController -- POST::CREATE:: task null 
]]></system-out>
  </testcase>
</testsuite>