<?xml version="1.0" encoding="UTF-8"?>
<testsuite xmlns:xsi="http://www.w3.org/2001/XMLSchema-instance" xsi:noNamespaceSchemaLocation="https://maven.apache.org/surefire/maven-surefire-plugin/xsd/surefire-test-report.xsd" version="3.0.2" name="com.luhtom.task_manager_final.TaskManagerFinalApplicationTests" time="9.49" tests="1" errors="0" skipped="0" failures="0">
  <properties>
[...]
</properties>
  <testcase name="contextLoads" classname="com.luhtom.task_manager_final.TaskManagerFinalApplicationTests" time="0.025">
    <system-out><![CDATA[14:44:37.535 [main] INFO org.springframework.test.context.support.AnnotationConfigContextLoaderUtils -- Could not detect default configuration classes for test class [com.luhtom.task_manager_final.TaskManagerFinalApplicationTests]: TaskManagerFinalApplicationTests does not declare any static, non-private, non-final, nested classes annotated with @Configuration.
14:44:37.777 [main] INFO org.springframework.boot.test.context.SpringBootTestContextBootstrapper -- Found @SpringBootConfiguration com.luhtom.task_manager_final.TaskManagerFinalApplication for test class com.luhtom.task_manager_final.TaskManagerFinalApplicationTests
14:44:38.036 [main] INFO org.springframework.boot.devtools.restart.RestartApplicationListener -- Restart disabled due to context in which it is running

  .   ____          _            __ _ _
 /\\ / ___'_ __ _ _(_)_ __  __ _ \ \ \ \
( ( )\___ | '_ | '_| | '_ \/ _` | \ \ \ \
 \\/  ___)| |_)| | | | | || (_| |  ) ) ) )
  '  |____| .__|_| |_|_| |_\__, | / / / /
 =========|_|==============|___/=/_/_/_/

&amp#27;[32m :: Spring Boot :: &amp#27;[39m              &amp#27;[2m (v3.4.2)&amp#27;[0;39m

&amp#27;[2m2025-02-16T14:44:38.586+09:00&amp#27;[0;39m &amp#27;[32m INFO&amp#27;[0;39m &amp#27;[35m11892&amp#27;[0;39m &amp#27;[2m--- [task-manager-final] [luhtom] [           main] &amp#27;[0;39m&amp#27;[36mc.l.t.TaskManagerFinalApplicationTests  &amp#27;[0;39m &amp#27;[2m:&amp#27;[0;39m Starting TaskManagerFinalApplicationTests using Java 21.0.6 with PID 11892 (started by luhto in C:\Users\luhto\vscode\java\production\spring-thym-task-manager-final)
&amp#27;[2m2025-02-16T14:44:38.589+09:00&amp#27;[0;39m &amp#27;[32m INFO&amp#27;[0;39m &amp#27;[35m11892&amp#27;[0;39m &amp#27;[2m--- [task-manager-final] [luhtom] [           main] &amp#27;[0;39m&amp#27;[36mc.l.t.TaskManagerFinalApplicationTests  &amp#27;[0;39m &amp#27;[2m:&amp#27;[0;39m No active profile set, falling back to 1 default profile: "default"
&amp#27;[2m2025-02-16T14:44:39.933+09:00&amp#27;[0;39m &amp#27;[32m INFO&amp#27;[0;39m &amp#27;[35m11892&amp#27;[0;39m &amp#27;[2m--- [task-manager-final] [luhtom] [           main] &amp#27;[0;39m&amp#27;[36m.s.d.r.c.RepositoryConfigurationDelegate&amp#27;[0;39m &amp#27;[2m:&amp#27;[0;39m Bootstrapping Spring Data JPA repositories in DEFAULT mode.
&amp#27;[2m2025-02-16T14:44:40.064+09:00&amp#27;[0;39m &amp#27;[32m INFO&amp#27;[0;39m &amp#27;[35m11892&amp#27;[0;39m &amp#27;[2m--- [task-manager-final] [luhtom] [           main] &amp#27;[0;39m&amp#27;[36m.s.d.r.c.RepositoryConfigurationDelegate&amp#27;[0;39m &amp#27;[2m:&amp#27;[0;39m Finished Spring Data repository scanning in 113 ms. Found 2 JPA repository interfaces.
&amp#27;[2m2025-02-16T14:44:41.074+09:00&amp#27;[0;39m &amp#27;[32m INFO&amp#27;[0;39m &amp#27;[35m11892&amp#27;[0;39m &amp#27;[2m--- [task-manager-final] [luhtom] [           main] &amp#27;[0;39m&amp#27;[36mo.hibernate.jpa.internal.util.LogHelper &amp#27;[0;39m &amp#27;[2m:&amp#27;[0;39m HHH000204: Processing PersistenceUnitInfo [name: default]
&amp#27;[2m2025-02-16T14:44:41.264+09:00&amp#27;[0;39m &amp#27;[32m INFO&amp#27;[0;39m &amp#27;[35m11892&amp#27;[0;39m &amp#27;[2m--- [task-manager-final] [luhtom] [           main] &amp#27;[0;39m&amp#27;[36morg.hibernate.Version                   &amp#27;[0;39m &amp#27;[2m:&amp#27;[0;39m HHH000412: Hibernate ORM core version 6.6.5.Final
&amp#27;[2m2025-02-16T14:44:41.361+09:00&amp#27;[0;39m &amp#27;[32m INFO&amp#27;[0;39m &amp#27;[35m11892&amp#27;[0;39m &amp#27;[2m--- [task-manager-final] [luhtom] [           main] &amp#27;[0;39m&amp#27;[36mo.h.c.internal.RegionFactoryInitiator   &amp#27;[0;39m &amp#27;[2m:&amp#27;[0;39m HHH000026: Second-level cache disabled
&amp#27;[2m2025-02-16T14:44:41.659+09:00&amp#27;[0;39m &amp#27;[32m INFO&amp#27;[0;39m &amp#27;[35m11892&amp#27;[0;39m &amp#27;[2m--- [task-manager-final] [luhtom] [           main] &amp#27;[0;39m&amp#27;[36mo.s.o.j.p.SpringPersistenceUnitInfo     &amp#27;[0;39m &amp#27;[2m:&amp#27;[0;39m No LoadTimeWeaver setup: ignoring JPA class transformer
&amp#27;[2m2025-02-16T14:44:41.743+09:00&amp#27;[0;39m &amp#27;[32m INFO&amp#27;[0;39m &amp#27;[35m11892&amp#27;[0;39m &amp#27;[2m--- [task-manager-final] [luhtom] [           main] &amp#27;[0;39m&amp#27;[36mcom.zaxxer.hikari.HikariDataSource      &amp#27;[0;39m &amp#27;[2m:&amp#27;[0;39m HikariPool-1 - Starting...
&amp#27;[2m2025-02-16T14:44:42.094+09:00&amp#27;[0;39m &amp#27;[32m INFO&amp#27;[0;39m &amp#27;[35m11892&amp#27;[0;39m &amp#27;[2m--- [task-manager-final] [luhtom] [           main] &amp#27;[0;39m&amp#27;[36mcom.zaxxer.hikari.pool.HikariPool       &amp#27;[0;39m &amp#27;[2m:&amp#27;[0;39m HikariPool-1 - Added connection conn0: url=jdbc:h2:mem:taskdb user=SA
&amp#27;[2m2025-02-16T14:44:42.097+09:00&amp#27;[0;39m &amp#27;[32m INFO&amp#27;[0;39m &amp#27;[35m11892&amp#27;[0;39m &amp#27;[2m--- [task-manager-final] [luhtom] [           main] &amp#27;[0;39m&amp#27;[36mcom.zaxxer.hikari.HikariDataSource      &amp#27;[0;39m &amp#27;[2m:&amp#27;[0;39m HikariPool-1 - Start completed.
&amp#27;[2m2025-02-16T14:44:42.198+09:00&amp#27;[0;39m &amp#27;[32m INFO&amp#27;[0;39m &amp#27;[35m11892&amp#27;[0;39m &amp#27;[2m--- [task-manager-final] [luhtom] [           main] &amp#27;[0;39m&amp#27;[36morg.hibernate.orm.connections.pooling   &amp#27;[0;39m &amp#27;[2m:&amp#27;[0;39m HHH10001005: Database info:
	Database JDBC URL [Connecting through datasource 'HikariDataSource (HikariPool-1)']
	Database driver: undefined/unknown
	Database version: 2.3.232
	Autocommit mode: undefined/unknown
	Isolation level: undefined/unknown
	Minimum pool size: undefined/unknown
	Maximum pool size: undefined/unknown
&amp#27;[2m2025-02-16T14:44:43.664+09:00&amp#27;[0;39m &amp#27;[32m INFO&amp#27;[0;39m &amp#27;[35m11892&amp#27;[0;39m &amp#27;[2m--- [task-manager-final] [luhtom] [           main] &amp#27;[0;39m&amp#27;[36mo.h.e.t.j.p.i.JtaPlatformInitiator      &amp#27;[0;39m &amp#27;[2m:&amp#27;[0;39m HHH000489: No JTA platform available (set 'hibernate.transaction.jta.platform' to enable JTA platform integration)
&amp#27;[2m2025-02-16T14:44:43.756+09:00&amp#27;[0;39m &amp#27;[32m INFO&amp#27;[0;39m &amp#27;[35m11892&amp#27;[0;39m &amp#27;[2m--- [task-manager-final] [luhtom] [           main] &amp#27;[0;39m&amp#27;[36mj.LocalContainerEntityManagerFactoryBean&amp#27;[0;39m &amp#27;[2m:&amp#27;[0;39m Initialized JPA EntityManagerFactory for persistence unit 'default'
&amp#27;[2m2025-02-16T14:44:44.634+09:00&amp#27;[0;39m &amp#27;[33m WARN&amp#27;[0;39m &amp#27;[35m11892&amp#27;[0;39m &amp#27;[2m--- [task-manager-final] [luhtom] [           main] &amp#27;[0;39m&amp#27;[36mJpaBaseConfiguration$JpaWebConfiguration&amp#27;[0;39m &amp#27;[2m:&amp#27;[0;39m spring.jpa.open-in-view is enabled by default. Therefore, database queries may be performed during view rendering. Explicitly configure spring.jpa.open-in-view to disable this warning
&amp#27;[2m2025-02-16T14:44:44.727+09:00&amp#27;[0;39m &amp#27;[32m INFO&amp#27;[0;39m &amp#27;[35m11892&amp#27;[0;39m &amp#27;[2m--- [task-manager-final] [luhtom] [           main] &amp#27;[0;39m&amp#27;[36mr$InitializeUserDetailsManagerConfigurer&amp#27;[0;39m &amp#27;[2m:&amp#27;[0;39m Global AuthenticationManager configured with UserDetailsService bean with name userDetailServiceImpl
&amp#27;[2m2025-02-16T14:44:46.093+09:00&amp#27;[0;39m &amp#27;[32m INFO&amp#27;[0;39m &amp#27;[35m11892&amp#27;[0;39m &amp#27;[2m--- [task-manager-final] [luhtom] [           main] &amp#27;[0;39m&amp#27;[36mo.s.b.a.h2.H2ConsoleAutoConfiguration   &amp#27;[0;39m &amp#27;[2m:&amp#27;[0;39m H2 console available at '/h2-console'. Database available at 'jdbc:h2:mem:taskdb'
&amp#27;[2m2025-02-16T14:44:46.337+09:00&amp#27;[0;39m &amp#27;[32m INFO&amp#27;[0;39m &amp#27;[35m11892&amp#27;[0;39m &amp#27;[2m--- [task-manager-final] [luhtom] [           main] &amp#27;[0;39m&amp#27;[36mc.l.t.TaskManagerFinalApplicationTests  &amp#27;[0;39m &amp#27;[2m:&amp#27;[0;39m Started TaskManagerFinalApplicationTests in 8.33 seconds (process running for 12.684)
]]></system-out>
  </testcase>
</testsuite>